2023-06-10T22:53:47.230Z  INFO 1 --- [main] c.s.users.UsersApplication               : Starting UsersApplication v0.0.1-SNAPSHOT using Java 17-ea with PID 1 (/app/ms-users-0.0.1-SNAPSHOT.jar started by root in /app)
2023-06-10T22:53:47.233Z  INFO 1 --- [main] c.s.users.UsersApplication               : No active profile set, falling back to 1 default profile: "default"
2023-06-10T22:53:47.786Z  INFO 1 --- [main] .s.d.r.c.RepositoryConfigurationDelegate : Bootstrapping Spring Data JPA repositories in DEFAULT mode.
2023-06-10T22:53:47.825Z  INFO 1 --- [main] .s.d.r.c.RepositoryConfigurationDelegate : Finished Spring Data repository scanning in 33 ms. Found 1 JPA repository interfaces.
2023-06-10T22:53:47.989Z  INFO 1 --- [main] o.s.cloud.context.scope.GenericScope     : BeanFactory id=60797873-856c-3890-be70-766d44614a75
2023-06-10T22:53:48.047Z  INFO 1 --- [main] trationDelegate$BeanPostProcessorChecker : Bean 'com.sistemasactivos.users.client.CourseClientRest' of type [org.springframework.cloud.openfeign.FeignClientFactoryBean] is not eligible for getting processed by all BeanPostProcessors (for example: not eligible for auto-proxying)
2023-06-10T22:53:48.287Z  INFO 1 --- [main] o.s.b.w.embedded.tomcat.TomcatWebServer  : Tomcat initialized with port(s): 8085 (http)
2023-06-10T22:53:48.296Z  INFO 1 --- [main] o.apache.catalina.core.StandardService   : Starting service [Tomcat]
2023-06-10T22:53:48.297Z  INFO 1 --- [main] o.apache.catalina.core.StandardEngine    : Starting Servlet engine: [Apache Tomcat/10.1.8]
2023-06-10T22:53:48.353Z  INFO 1 --- [main] o.a.c.c.C.[Tomcat].[localhost].[/]       : Initializing Spring embedded WebApplicationContext
2023-06-10T22:53:48.353Z  INFO 1 --- [main] w.s.c.ServletWebServerApplicationContext : Root WebApplicationContext: initialization completed in 1080 ms
2023-06-10T22:53:48.468Z  INFO 1 --- [main] o.hibernate.jpa.internal.util.LogHelper  : HHH000204: Processing PersistenceUnitInfo [name: default]
2023-06-10T22:53:48.509Z  INFO 1 --- [main] org.hibernate.Version                    : HHH000412: Hibernate ORM core version 6.2.2.Final
2023-06-10T22:53:48.511Z  INFO 1 --- [main] org.hibernate.cfg.Environment            : HHH000406: Using bytecode reflection optimizer
2023-06-10T22:53:48.618Z  INFO 1 --- [main] o.h.b.i.BytecodeProviderInitiator        : HHH000021: Bytecode provider name : bytebuddy
2023-06-10T22:53:48.729Z  INFO 1 --- [main] o.s.o.j.p.SpringPersistenceUnitInfo      : No LoadTimeWeaver setup: ignoring JPA class transformer
2023-06-10T22:53:48.746Z  INFO 1 --- [main] com.zaxxer.hikari.HikariDataSource       : HikariPool-1 - Starting...
2023-06-10T22:53:49.012Z  INFO 1 --- [main] com.zaxxer.hikari.pool.HikariPool        : HikariPool-1 - Added connection com.mysql.cj.jdbc.ConnectionImpl@3a4ba480
2023-06-10T22:53:49.013Z  INFO 1 --- [main] com.zaxxer.hikari.HikariDataSource       : HikariPool-1 - Start completed.
2023-06-10T22:53:49.060Z  INFO 1 --- [main] org.hibernate.orm.dialect                : HHH035001: Using dialect: org.hibernate.dialect.MySQLDialect, version: 8.0.32
2023-06-10T22:53:49.214Z  INFO 1 --- [main] o.h.b.i.BytecodeProviderInitiator        : HHH000021: Bytecode provider name : bytebuddy
2023-06-10T22:53:49.738Z  INFO 1 --- [main] o.h.e.t.j.p.i.JtaPlatformInitiator       : HHH000490: Using JtaPlatform implementation: [org.hibernate.engine.transaction.jta.platform.internal.NoJtaPlatform]
2023-06-10T22:53:49.779Z  INFO 1 --- [main] j.LocalContainerEntityManagerFactoryBean : Initialized JPA EntityManagerFactory for persistence unit 'default'
2023-06-10T22:53:50.035Z  WARN 1 --- [main] JpaBaseConfiguration$JpaWebConfiguration : spring.jpa.open-in-view is enabled by default. Therefore, database queries may be performed during view rendering. Explicitly configure spring.jpa.open-in-view to disable this warning
2023-06-10T22:53:50.421Z  INFO 1 --- [main] o.s.b.w.embedded.tomcat.TomcatWebServer  : Tomcat started on port(s): 8085 (http) with context path ''
2023-06-10T22:53:50.433Z  INFO 1 --- [main] c.s.users.UsersApplication               : Started UsersApplication in 3.596 seconds (process running for 3.951)
2023-06-10T22:53:59.815Z  INFO 1 --- [http-nio-8085-exec-2] o.a.c.c.C.[Tomcat].[localhost].[/]       : Initializing Spring DispatcherServlet 'dispatcherServlet'
2023-06-10T22:53:59.816Z  INFO 1 --- [http-nio-8085-exec-2] o.s.web.servlet.DispatcherServlet        : Initializing Servlet 'dispatcherServlet'
2023-06-10T22:53:59.817Z  INFO 1 --- [http-nio-8085-exec-2] o.s.web.servlet.DispatcherServlet        : Completed initialization in 1 ms
2023-06-10T22:53:59.930Z DEBUG 1 --- [http-nio-8085-exec-2] org.hibernate.SQL                        : select u1_0.id,u1_0.email,u1_0.name,u1_0.password from users u1_0
2023-06-10T22:54:26.369Z DEBUG 1 --- [http-nio-8085-exec-3] org.hibernate.SQL                        : select u1_0.id,u1_0.email,u1_0.name,u1_0.password from users u1_0
2023-06-10T22:54:27.132Z DEBUG 1 --- [http-nio-8085-exec-4] org.hibernate.SQL                        : select u1_0.id,u1_0.email,u1_0.name,u1_0.password from users u1_0
